# JRE version: Java(TM) SE Runtime Environment (17.0.14+8) (build 17.0.14+8-LTS-191)
# Java VM: Java HotSpot(TM) 64-Bit Server VM (17.0.14+8-LTS-191, mixed mode, sharing, tiered, compressed oops, compressed class ptrs, g1 gc, windows-amd64)
GC Precious Log:
 CPUs: 8 total, 8 available
 Memory: 7991M
 Large Page Support: Disabled
 NUMA Support: Disabled
 Compressed Oops: Enabled (32-bit)
 Heap Region Size: 1M
 Heap Min Capacity: 8M
 Heap Initial Capacity: 126M
 Heap Max Capacity: 1998M
 Pre-touch: Disabled
 Parallel Workers: 8
 Concurrent Workers: 2
 Concurrent Refinement Workers: 8
 Periodic GC: Disabled
Heap:
 garbage-first heap   total 60416K, used 39427K [0x0000000083200000, 0x0000000100000000)
  region size 1024K, 14 young (14336K), 2 survivors (2048K)
 Metaspace       used 67817K, committed 68352K, reserved 1114112K
  class space    used 9351K, committed 9600K, reserved 1048576K
GC Heap History (20 events):
Event: 9.171 GC heap before
{Heap before GC invocations=11 (full 0):
 garbage-first heap   total 55296K, used 22093K [0x0000000083200000, 0x0000000100000000)
  region size 1024K, 4 young (4096K), 3 survivors (3072K)
 Metaspace       used 44128K, committed 44608K, reserved 1114112K
  class space    used 5719K, committed 5952K, reserved 1048576K
}
Event: 9.173 GC heap after
{Heap after GC invocations=12 (full 0):
 garbage-first heap   total 55296K, used 21159K [0x0000000083200000, 0x0000000100000000)
  region size 1024K, 1 young (1024K), 1 survivors (1024K)
 Metaspace       used 44128K, committed 44608K, reserved 1114112K
  class space    used 5719K, committed 5952K, reserved 1048576K
}
Event: 9.450 GC heap before
{Heap before GC invocations=12 (full 0):
 garbage-first heap   total 55296K, used 40615K [0x0000000083200000, 0x0000000100000000)
  region size 1024K, 21 young (21504K), 1 survivors (1024K)
 Metaspace       used 47945K, committed 48384K, reserved 1114112K
  class space    used 6217K, committed 6400K, reserved 1048576K
}
Event: 9.452 GC heap after
{Heap after GC invocations=13 (full 0):
 garbage-first heap   total 55296K, used 21973K [0x0000000083200000, 0x0000000100000000)
  region size 1024K, 2 young (2048K), 2 survivors (2048K)
 Metaspace       used 47945K, committed 48384K, reserved 1114112K
  class space    used 6217K, committed 6400K, reserved 1048576K
}
Event: 9.708 GC heap before
{Heap before GC invocations=13 (full 0):
 garbage-first heap   total 55296K, used 41429K [0x0000000083200000, 0x0000000100000000)
  region size 1024K, 22 young (22528K), 2 survivors (2048K)
 Metaspace       used 53312K, committed 53760K, reserved 1114112K
  class space    used 6988K, committed 7168K, reserved 1048576K
}
Event: 9.710 GC heap after
{Heap after GC invocations=14 (full 0):
 garbage-first heap   total 55296K, used 22959K [0x0000000083200000, 0x0000000100000000)
  region size 1024K, 3 young (3072K), 3 survivors (3072K)
 Metaspace       used 53312K, committed 53760K, reserved 1114112K
  class space    used 6988K, committed 7168K, reserved 1048576K
}
Event: 9.938 GC heap before
{Heap before GC invocations=14 (full 0):
 garbage-first heap   total 55296K, used 41391K [0x0000000083200000, 0x0000000100000000)
  region size 1024K, 22 young (22528K), 3 survivors (3072K)
 Metaspace       used 56877K, committed 57408K, reserved 1114112K
  class space    used 7586K, committed 7808K, reserved 1048576K
}
Event: 9.940 GC heap after
{Heap after GC invocations=15 (full 0):
 garbage-first heap   total 55296K, used 23510K [0x0000000083200000, 0x0000000100000000)
  region size 1024K, 2 young (2048K), 2 survivors (2048K)
 Metaspace       used 56877K, committed 57408K, reserved 1114112K
  class space    used 7586K, committed 7808K, reserved 1048576K
}
Event: 10.213 GC heap before
{Heap before GC invocations=15 (full 0):
 garbage-first heap   total 55296K, used 38870K [0x0000000083200000, 0x0000000100000000)
  region size 1024K, 18 young (18432K), 2 survivors (2048K)
 Metaspace       used 59807K, committed 60288K, reserved 1114112K
  class space    used 7929K, committed 8192K, reserved 1048576K
}
Event: 10.215 GC heap after
{Heap after GC invocations=16 (full 0):
 garbage-first heap   total 55296K, used 24736K [0x0000000083200000, 0x0000000100000000)
  region size 1024K, 3 young (3072K), 3 survivors (3072K)
 Metaspace       used 59807K, committed 60288K, reserved 1114112K
  class space    used 7929K, committed 8192K, reserved 1048576K
}
Event: 10.490 GC heap before
{Heap before GC invocations=17 (full 0):
 garbage-first heap   total 55296K, used 44192K [0x0000000083200000, 0x0000000100000000)
  region size 1024K, 22 young (22528K), 3 survivors (3072K)
 Metaspace       used 62276K, committed 62784K, reserved 1114112K
  class space    used 8333K, committed 8576K, reserved 1048576K
}
Event: 10.493 GC heap after
{Heap after GC invocations=18 (full 0):
 garbage-first heap   total 55296K, used 26016K [0x0000000083200000, 0x0000000100000000)
  region size 1024K, 3 young (3072K), 3 survivors (3072K)
 Metaspace       used 62276K, committed 62784K, reserved 1114112K
  class space    used 8333K, committed 8576K, reserved 1048576K
}
Event: 10.659 GC heap before
{Heap before GC invocations=18 (full 0):
 garbage-first heap   total 55296K, used 43424K [0x0000000083200000, 0x0000000100000000)
  region size 1024K, 21 young (21504K), 3 survivors (3072K)
 Metaspace       used 64485K, committed 65024K, reserved 1114112K
  class space    used 8781K, committed 9024K, reserved 1048576K
}
Event: 10.662 GC heap after
{Heap after GC invocations=19 (full 0):
 garbage-first heap   total 55296K, used 27267K [0x0000000083200000, 0x0000000100000000)
  region size 1024K, 3 young (3072K), 3 survivors (3072K)
 Metaspace       used 64485K, committed 65024K, reserved 1114112K
  class space    used 8781K, committed 9024K, reserved 1048576K
}
Event: 10.749 GC heap before
{Heap before GC invocations=19 (full 0):
 garbage-first heap   total 55296K, used 42627K [0x0000000083200000, 0x0000000100000000)
  region size 1024K, 19 young (19456K), 3 survivors (3072K)
 Metaspace       used 65489K, committed 65984K, reserved 1114112K
  class space    used 8922K, committed 9152K, reserved 1048576K
}
Event: 10.752 GC heap after
{Heap after GC invocations=20 (full 0):
 garbage-first heap   total 55296K, used 28036K [0x0000000083200000, 0x0000000100000000)
  region size 1024K, 2 young (2048K), 2 survivors (2048K)
 Metaspace       used 65489K, committed 65984K, reserved 1114112K
  class space    used 8922K, committed 9152K, reserved 1048576K
}
Event: 10.832 GC heap before
{Heap before GC invocations=21 (full 0):
 garbage-first heap   total 55296K, used 44420K [0x0000000083200000, 0x0000000100000000)
  region size 1024K, 18 young (18432K), 2 survivors (2048K)
 Metaspace       used 66321K, committed 66880K, reserved 1114112K
  class space    used 9163K, committed 9408K, reserved 1048576K
}
Event: 10.833 GC heap after
{Heap after GC invocations=22 (full 0):
 garbage-first heap   total 55296K, used 28794K [0x0000000083200000, 0x0000000100000000)
  region size 1024K, 2 young (2048K), 2 survivors (2048K)
 Metaspace       used 66321K, committed 66880K, reserved 1114112K
  class space    used 9163K, committed 9408K, reserved 1048576K
}
Event: 10.869 GC heap before
{Heap before GC invocations=22 (full 0):
 garbage-first heap   total 55296K, used 45178K [0x0000000083200000, 0x0000000100000000)
  region size 1024K, 18 young (18432K), 2 survivors (2048K)
 Metaspace       used 66357K, committed 66880K, reserved 1114112K
  class space    used 9163K, committed 9408K, reserved 1048576K
}
Event: 10.871 GC heap after
{Heap after GC invocations=23 (full 0):
 garbage-first heap   total 55296K, used 29187K [0x0000000083200000, 0x0000000100000000)
  region size 1024K, 2 young (2048K), 2 survivors (2048K)
 Metaspace       used 66357K, committed 66880K, reserved 1114112K
  class space    used 9163K, committed 9408K, reserved 1048576K
}

