# JRE version: Java(TM) SE Runtime Environment (17.0.14+8) (build 17.0.14+8-LTS-191)
# Java VM: Java HotSpot(TM) 64-Bit Server VM (17.0.14+8-LTS-191, mixed mode, sharing, tiered, compressed oops, compressed class ptrs, g1 gc, windows-amd64)
GC Precious Log:
 CPUs: 8 total, 8 available
 Memory: 7991M
 Large Page Support: Disabled
 NUMA Support: Disabled
 Compressed Oops: Enabled (32-bit)
 Heap Region Size: 1M
 Heap Min Capacity: 8M
 Heap Initial Capacity: 126M
 Heap Max Capacity: 1998M
 Pre-touch: Disabled
 Parallel Workers: 8
 Concurrent Workers: 2
 Concurrent Refinement Workers: 8
 Periodic GC: Disabled
Heap:
 garbage-first heap   total 79872K, used 22594K [0x0000000083200000, 0x0000000100000000)
  region size 1024K, 2 young (2048K), 2 survivors (2048K)
 Metaspace       used 49804K, committed 50304K, reserved 1114112K
  class space    used 6482K, committed 6720K, reserved 1048576K
GC Heap History (20 events):
Event: 1.411 GC heap after
{Heap after GC invocations=1 (full 0):
 garbage-first heap   total 129024K, used 7641K [0x0000000083200000, 0x0000000100000000)
  region size 1024K, 3 young (3072K), 3 survivors (3072K)
 Metaspace       used 6671K, committed 6848K, reserved 1114112K
  class space    used 798K, committed 896K, reserved 1048576K
}
Event: 2.144 GC heap before
{Heap before GC invocations=1 (full 0):
 garbage-first heap   total 129024K, used 35289K [0x0000000083200000, 0x0000000100000000)
  region size 1024K, 31 young (31744K), 3 survivors (3072K)
 Metaspace       used 13924K, committed 14144K, reserved 1114112K
  class space    used 1720K, committed 1792K, reserved 1048576K
}
Event: 2.150 GC heap after
{Heap after GC invocations=2 (full 0):
 garbage-first heap   total 129024K, used 10027K [0x0000000083200000, 0x0000000100000000)
  region size 1024K, 3 young (3072K), 3 survivors (3072K)
 Metaspace       used 13924K, committed 14144K, reserved 1114112K
  class space    used 1720K, committed 1792K, reserved 1048576K
}
Event: 3.708 GC heap before
{Heap before GC invocations=2 (full 0):
 garbage-first heap   total 129024K, used 56107K [0x0000000083200000, 0x0000000100000000)
  region size 1024K, 49 young (50176K), 3 survivors (3072K)
 Metaspace       used 21283K, committed 21504K, reserved 1114112K
  class space    used 2637K, committed 2752K, reserved 1048576K
}
Event: 3.716 GC heap after
{Heap after GC invocations=3 (full 0):
 garbage-first heap   total 129024K, used 14166K [0x0000000083200000, 0x0000000100000000)
  region size 1024K, 7 young (7168K), 7 survivors (7168K)
 Metaspace       used 21283K, committed 21504K, reserved 1114112K
  class space    used 2637K, committed 2752K, reserved 1048576K
}
Event: 4.244 GC heap before
{Heap before GC invocations=4 (full 0):
 garbage-first heap   total 55296K, used 39766K [0x0000000083200000, 0x0000000100000000)
  region size 1024K, 32 young (32768K), 7 survivors (7168K)
 Metaspace       used 25522K, committed 25920K, reserved 1114112K
  class space    used 3302K, committed 3520K, reserved 1048576K
}
Event: 4.259 GC heap after
{Heap after GC invocations=5 (full 0):
 garbage-first heap   total 55296K, used 16605K [0x0000000083200000, 0x0000000100000000)
  region size 1024K, 3 young (3072K), 3 survivors (3072K)
 Metaspace       used 25522K, committed 25920K, reserved 1114112K
  class space    used 3302K, committed 3520K, reserved 1048576K
}
Event: 4.276 GC heap before
{Heap before GC invocations=5 (full 0):
 garbage-first heap   total 55296K, used 17629K [0x0000000083200000, 0x0000000100000000)
  region size 1024K, 4 young (4096K), 3 survivors (3072K)
 Metaspace       used 25604K, committed 25984K, reserved 1114112K
  class space    used 3313K, committed 3520K, reserved 1048576K
}
Event: 4.283 GC heap after
{Heap after GC invocations=6 (full 0):
 garbage-first heap   total 55296K, used 17023K [0x0000000083200000, 0x0000000100000000)
  region size 1024K, 1 young (1024K), 1 survivors (1024K)
 Metaspace       used 25604K, committed 25984K, reserved 1114112K
  class space    used 3313K, committed 3520K, reserved 1048576K
}
Event: 4.684 GC heap before
{Heap before GC invocations=6 (full 0):
 garbage-first heap   total 55296K, used 38527K [0x0000000083200000, 0x0000000100000000)
  region size 1024K, 22 young (22528K), 1 survivors (1024K)
 Metaspace       used 30218K, committed 30720K, reserved 1114112K
  class space    used 3863K, committed 4096K, reserved 1048576K
}
Event: 4.687 GC heap after
{Heap after GC invocations=7 (full 0):
 garbage-first heap   total 55296K, used 18100K [0x0000000083200000, 0x0000000100000000)
  region size 1024K, 2 young (2048K), 2 survivors (2048K)
 Metaspace       used 30218K, committed 30720K, reserved 1114112K
  class space    used 3863K, committed 4096K, reserved 1048576K
}
Event: 5.042 GC heap before
{Heap before GC invocations=7 (full 0):
 garbage-first heap   total 55296K, used 39604K [0x0000000083200000, 0x0000000100000000)
  region size 1024K, 23 young (23552K), 2 survivors (2048K)
 Metaspace       used 35323K, committed 35776K, reserved 1114112K
  class space    used 4712K, committed 4928K, reserved 1048576K
}
Event: 5.044 GC heap after
{Heap after GC invocations=8 (full 0):
 garbage-first heap   total 55296K, used 19028K [0x0000000083200000, 0x0000000100000000)
  region size 1024K, 3 young (3072K), 3 survivors (3072K)
 Metaspace       used 35323K, committed 35776K, reserved 1114112K
  class space    used 4712K, committed 4928K, reserved 1048576K
}
Event: 5.070 GC heap before
{Heap before GC invocations=8 (full 0):
 garbage-first heap   total 55296K, used 20052K [0x0000000083200000, 0x0000000100000000)
  region size 1024K, 5 young (5120K), 3 survivors (3072K)
 Metaspace       used 35675K, committed 36096K, reserved 1114112K
  class space    used 4768K, committed 4992K, reserved 1048576K
}
Event: 5.072 GC heap after
{Heap after GC invocations=9 (full 0):
 garbage-first heap   total 55296K, used 19287K [0x0000000083200000, 0x0000000100000000)
  region size 1024K, 2 young (2048K), 2 survivors (2048K)
 Metaspace       used 35675K, committed 36096K, reserved 1114112K
  class space    used 4768K, committed 4992K, reserved 1048576K
}
Event: 5.686 GC heap before
{Heap before GC invocations=10 (full 0):
 garbage-first heap   total 55296K, used 40791K [0x0000000083200000, 0x0000000100000000)
  region size 1024K, 23 young (23552K), 2 survivors (2048K)
 Metaspace       used 44851K, committed 45376K, reserved 1114112K
  class space    used 5927K, committed 6144K, reserved 1048576K
}
Event: 5.689 GC heap after
{Heap after GC invocations=11 (full 0):
 garbage-first heap   total 55296K, used 21492K [0x0000000083200000, 0x0000000100000000)
  region size 1024K, 3 young (3072K), 3 survivors (3072K)
 Metaspace       used 44851K, committed 45376K, reserved 1114112K
  class space    used 5927K, committed 6144K, reserved 1048576K
}
Event: 5.704 GC heap before
{Heap before GC invocations=11 (full 0):
 garbage-first heap   total 55296K, used 22516K [0x0000000083200000, 0x0000000100000000)
  region size 1024K, 4 young (4096K), 3 survivors (3072K)
 Metaspace       used 45060K, committed 45504K, reserved 1114112K
  class space    used 5953K, committed 6144K, reserved 1048576K
}
Event: 5.707 GC heap after
{Heap after GC invocations=12 (full 0):
 garbage-first heap   total 55296K, used 21586K [0x0000000083200000, 0x0000000100000000)
  region size 1024K, 1 young (1024K), 1 survivors (1024K)
 Metaspace       used 45060K, committed 45504K, reserved 1114112K
  class space    used 5953K, committed 6144K, reserved 1048576K
}
Event: 6.035 GC heap before
{Heap before GC invocations=12 (full 0):
 garbage-first heap   total 55296K, used 42066K [0x0000000083200000, 0x0000000100000000)
  region size 1024K, 21 young (21504K), 1 survivors (1024K)
 Metaspace       used 49804K, committed 50304K, reserved 1114112K
  class space    used 6482K, committed 6720K, reserved 1048576K
}

