# JRE version: Java(TM) SE Runtime Environment (17.0.14+8) (build 17.0.14+8-LTS-191)
# Java VM: Java HotSpot(TM) 64-Bit Server VM (17.0.14+8-LTS-191, mixed mode, sharing, tiered, compressed oops, compressed class ptrs, g1 gc, windows-amd64)
GC Precious Log:
 CPUs: 8 total, 8 available
 Memory: 7991M
 Large Page Support: Disabled
 NUMA Support: Disabled
 Compressed Oops: Enabled (32-bit)
 Heap Region Size: 1M
 Heap Min Capacity: 8M
 Heap Initial Capacity: 126M
 Heap Max Capacity: 1998M
 Pre-touch: Disabled
 Parallel Workers: 8
 Concurrent Workers: 2
 Concurrent Refinement Workers: 8
 Periodic GC: Disabled
Heap:
 garbage-first heap   total 79872K, used 40712K [0x0000000083200000, 0x0000000100000000)
  region size 1024K, 10 young (10240K), 1 survivors (1024K)
 Metaspace       used 74733K, committed 75392K, reserved 1114112K
  class space    used 10349K, committed 10688K, reserved 1048576K
GC Heap History (20 events):
Event: 6.225 GC heap before
{Heap before GC invocations=15 (full 0):
 garbage-first heap   total 55296K, used 43161K [0x0000000083200000, 0x0000000100000000)
  region size 1024K, 20 young (20480K), 2 survivors (2048K)
 Metaspace       used 62695K, committed 63232K, reserved 1114112K
  class space    used 8610K, committed 8896K, reserved 1048576K
}
Event: 6.228 GC heap after
{Heap after GC invocations=16 (full 0):
 garbage-first heap   total 66560K, used 27004K [0x0000000083200000, 0x0000000100000000)
  region size 1024K, 2 young (2048K), 2 survivors (2048K)
 Metaspace       used 62695K, committed 63232K, reserved 1114112K
  class space    used 8610K, committed 8896K, reserved 1048576K
}
Event: 6.393 GC heap before
{Heap before GC invocations=16 (full 0):
 garbage-first heap   total 66560K, used 51580K [0x0000000083200000, 0x0000000100000000)
  region size 1024K, 27 young (27648K), 2 survivors (2048K)
 Metaspace       used 64442K, committed 64960K, reserved 1114112K
  class space    used 8866K, committed 9152K, reserved 1048576K
}
Event: 6.395 GC heap after
{Heap after GC invocations=17 (full 0):
 garbage-first heap   total 66560K, used 28454K [0x0000000083200000, 0x0000000100000000)
  region size 1024K, 4 young (4096K), 4 survivors (4096K)
 Metaspace       used 64442K, committed 64960K, reserved 1114112K
  class space    used 8866K, committed 9152K, reserved 1048576K
}
Event: 6.494 GC heap before
{Heap before GC invocations=17 (full 0):
 garbage-first heap   total 66560K, used 52006K [0x0000000083200000, 0x0000000100000000)
  region size 1024K, 27 young (27648K), 4 survivors (4096K)
 Metaspace       used 65407K, committed 65920K, reserved 1114112K
  class space    used 9143K, committed 9408K, reserved 1048576K
}
Event: 6.497 GC heap after
{Heap after GC invocations=18 (full 0):
 garbage-first heap   total 66560K, used 29277K [0x0000000083200000, 0x0000000100000000)
  region size 1024K, 3 young (3072K), 3 survivors (3072K)
 Metaspace       used 65407K, committed 65920K, reserved 1114112K
  class space    used 9143K, committed 9408K, reserved 1048576K
}
Event: 6.673 GC heap before
{Heap before GC invocations=18 (full 0):
 garbage-first heap   total 66560K, used 51805K [0x0000000083200000, 0x0000000100000000)
  region size 1024K, 26 young (26624K), 3 survivors (3072K)
 Metaspace       used 67248K, committed 67840K, reserved 1114112K
  class space    used 9374K, committed 9664K, reserved 1048576K
}
Event: 6.675 GC heap after
{Heap after GC invocations=19 (full 0):
 garbage-first heap   total 66560K, used 30467K [0x0000000083200000, 0x0000000100000000)
  region size 1024K, 2 young (2048K), 2 survivors (2048K)
 Metaspace       used 67248K, committed 67840K, reserved 1114112K
  class space    used 9374K, committed 9664K, reserved 1048576K
}
Event: 154.334 GC heap before
{Heap before GC invocations=19 (full 0):
 garbage-first heap   total 66560K, used 52995K [0x0000000083200000, 0x0000000100000000)
  region size 1024K, 25 young (25600K), 2 survivors (2048K)
 Metaspace       used 70186K, committed 70784K, reserved 1114112K
  class space    used 9758K, committed 10048K, reserved 1048576K
}
Event: 158.532 GC heap after
{Heap after GC invocations=20 (full 0):
 garbage-first heap   total 79872K, used 32482K [0x0000000083200000, 0x0000000100000000)
  region size 1024K, 4 young (4096K), 4 survivors (4096K)
 Metaspace       used 70186K, committed 70784K, reserved 1114112K
  class space    used 9758K, committed 10048K, reserved 1048576K
}
Event: 401.786 GC heap before
{Heap before GC invocations=20 (full 0):
 garbage-first heap   total 79872K, used 32482K [0x0000000083200000, 0x0000000100000000)
  region size 1024K, 5 young (5120K), 4 survivors (4096K)
 Metaspace       used 70606K, committed 71168K, reserved 1114112K
  class space    used 9796K, committed 10048K, reserved 1048576K
}
Event: 401.808 GC heap after
{Heap after GC invocations=21 (full 0):
 garbage-first heap   total 79872K, used 32989K [0x0000000083200000, 0x0000000100000000)
  region size 1024K, 1 young (1024K), 1 survivors (1024K)
 Metaspace       used 70606K, committed 71168K, reserved 1114112K
  class space    used 9796K, committed 10048K, reserved 1048576K
}
Event: 402.040 GC heap before
{Heap before GC invocations=21 (full 0):
 garbage-first heap   total 79872K, used 34013K [0x0000000083200000, 0x0000000100000000)
  region size 1024K, 3 young (3072K), 1 survivors (1024K)
 Metaspace       used 71177K, committed 71744K, reserved 1114112K
  class space    used 9863K, committed 10112K, reserved 1048576K
}
Event: 402.043 GC heap after
{Heap after GC invocations=22 (full 0):
 garbage-first heap   total 79872K, used 32661K [0x0000000083200000, 0x0000000100000000)
  region size 1024K, 1 young (1024K), 1 survivors (1024K)
 Metaspace       used 71177K, committed 71744K, reserved 1114112K
  class space    used 9863K, committed 10112K, reserved 1048576K
}
Event: 402.199 GC heap before
{Heap before GC invocations=22 (full 0):
 garbage-first heap   total 79872K, used 34709K [0x0000000083200000, 0x0000000100000000)
  region size 1024K, 3 young (3072K), 1 survivors (1024K)
 Metaspace       used 71730K, committed 72384K, reserved 1114112K
  class space    used 9947K, committed 10240K, reserved 1048576K
}
Event: 402.202 GC heap after
{Heap after GC invocations=23 (full 0):
 garbage-first heap   total 79872K, used 32762K [0x0000000083200000, 0x0000000100000000)
  region size 1024K, 1 young (1024K), 1 survivors (1024K)
 Metaspace       used 71730K, committed 72384K, reserved 1114112K
  class space    used 9947K, committed 10240K, reserved 1048576K
}
Event: 403.264 GC heap before
{Heap before GC invocations=23 (full 0):
 garbage-first heap   total 79872K, used 33786K [0x0000000083200000, 0x0000000100000000)
  region size 1024K, 3 young (3072K), 1 survivors (1024K)
 Metaspace       used 72152K, committed 72768K, reserved 1114112K
  class space    used 10003K, committed 10304K, reserved 1048576K
}
Event: 403.266 GC heap after
{Heap after GC invocations=24 (full 0):
 garbage-first heap   total 79872K, used 33103K [0x0000000083200000, 0x0000000100000000)
  region size 1024K, 1 young (1024K), 1 survivors (1024K)
 Metaspace       used 72152K, committed 72768K, reserved 1114112K
  class space    used 10003K, committed 10304K, reserved 1048576K
}
Event: 441.278 GC heap before
{Heap before GC invocations=24 (full 0):
 garbage-first heap   total 79872K, used 35151K [0x0000000083200000, 0x0000000100000000)
  region size 1024K, 4 young (4096K), 1 survivors (1024K)
 Metaspace       used 72782K, committed 73344K, reserved 1114112K
  class space    used 10080K, committed 10368K, reserved 1048576K
}
Event: 441.283 GC heap after
{Heap after GC invocations=25 (full 0):
 garbage-first heap   total 79872K, used 33544K [0x0000000083200000, 0x0000000100000000)
  region size 1024K, 1 young (1024K), 1 survivors (1024K)
 Metaspace       used 72782K, committed 73344K, reserved 1114112K
  class space    used 10080K, committed 10368K, reserved 1048576K
}

