# JRE version: Java(TM) SE Runtime Environment (17.0.14+8) (build 17.0.14+8-LTS-191)
# Java VM: Java HotSpot(TM) 64-Bit Server VM (17.0.14+8-LTS-191, mixed mode, sharing, tiered, compressed oops, compressed class ptrs, g1 gc, windows-amd64)
GC Precious Log:
 CPUs: 8 total, 8 available
 Memory: 7991M
 Large Page Support: Disabled
 NUMA Support: Disabled
 Compressed Oops: Enabled (32-bit)
 Heap Region Size: 1M
 Heap Min Capacity: 8M
 Heap Initial Capacity: 126M
 Heap Max Capacity: 1998M
 Pre-touch: Disabled
 Parallel Workers: 8
 Concurrent Workers: 2
 Concurrent Refinement Workers: 8
 Periodic GC: Disabled
Heap:
 garbage-first heap   total 77824K, used 22765K [0x0000000083200000, 0x0000000100000000)
  region size 1024K, 2 young (2048K), 2 survivors (2048K)
 Metaspace       used 49726K, committed 50240K, reserved 1114112K
  class space    used 6481K, committed 6720K, reserved 1048576K
GC Heap History (20 events):
Event: 0.620 GC heap after
{Heap after GC invocations=1 (full 0):
 garbage-first heap   total 129024K, used 7573K [0x0000000083200000, 0x0000000100000000)
  region size 1024K, 3 young (3072K), 3 survivors (3072K)
 Metaspace       used 6654K, committed 6848K, reserved 1114112K
  class space    used 797K, committed 896K, reserved 1048576K
}
Event: 0.996 GC heap before
{Heap before GC invocations=1 (full 0):
 garbage-first heap   total 129024K, used 33173K [0x0000000083200000, 0x0000000100000000)
  region size 1024K, 29 young (29696K), 3 survivors (3072K)
 Metaspace       used 13327K, committed 13504K, reserved 1114112K
  class space    used 1646K, committed 1728K, reserved 1048576K
}
Event: 1.001 GC heap after
{Heap after GC invocations=2 (full 0):
 garbage-first heap   total 129024K, used 10194K [0x0000000083200000, 0x0000000100000000)
  region size 1024K, 3 young (3072K), 3 survivors (3072K)
 Metaspace       used 13327K, committed 13504K, reserved 1114112K
  class space    used 1646K, committed 1728K, reserved 1048576K
}
Event: 1.887 GC heap before
{Heap before GC invocations=2 (full 0):
 garbage-first heap   total 129024K, used 57298K [0x0000000083200000, 0x0000000100000000)
  region size 1024K, 51 young (52224K), 3 survivors (3072K)
 Metaspace       used 21276K, committed 21504K, reserved 1114112K
  class space    used 2634K, committed 2752K, reserved 1048576K
}
Event: 1.894 GC heap after
{Heap after GC invocations=3 (full 0):
 garbage-first heap   total 129024K, used 14323K [0x0000000083200000, 0x0000000100000000)
  region size 1024K, 7 young (7168K), 7 survivors (7168K)
 Metaspace       used 21276K, committed 21504K, reserved 1114112K
  class space    used 2634K, committed 2752K, reserved 1048576K
}
Event: 2.343 GC heap before
{Heap before GC invocations=4 (full 0):
 garbage-first heap   total 55296K, used 39923K [0x0000000083200000, 0x0000000100000000)
  region size 1024K, 32 young (32768K), 7 survivors (7168K)
 Metaspace       used 25511K, committed 25920K, reserved 1114112K
  class space    used 3300K, committed 3520K, reserved 1048576K
}
Event: 2.353 GC heap after
{Heap after GC invocations=5 (full 0):
 garbage-first heap   total 55296K, used 17027K [0x0000000083200000, 0x0000000100000000)
  region size 1024K, 3 young (3072K), 3 survivors (3072K)
 Metaspace       used 25511K, committed 25920K, reserved 1114112K
  class space    used 3300K, committed 3520K, reserved 1048576K
}
Event: 2.370 GC heap before
{Heap before GC invocations=5 (full 0):
 garbage-first heap   total 55296K, used 18051K [0x0000000083200000, 0x0000000100000000)
  region size 1024K, 4 young (4096K), 3 survivors (3072K)
 Metaspace       used 25595K, committed 25984K, reserved 1114112K
  class space    used 3311K, committed 3520K, reserved 1048576K
}
Event: 2.374 GC heap after
{Heap after GC invocations=6 (full 0):
 garbage-first heap   total 55296K, used 17458K [0x0000000083200000, 0x0000000100000000)
  region size 1024K, 1 young (1024K), 1 survivors (1024K)
 Metaspace       used 25595K, committed 25984K, reserved 1114112K
  class space    used 3311K, committed 3520K, reserved 1048576K
}
Event: 2.723 GC heap before
{Heap before GC invocations=6 (full 0):
 garbage-first heap   total 55296K, used 37938K [0x0000000083200000, 0x0000000100000000)
  region size 1024K, 21 young (21504K), 1 survivors (1024K)
 Metaspace       used 29874K, committed 30400K, reserved 1114112K
  class space    used 3828K, committed 4096K, reserved 1048576K
}
Event: 2.726 GC heap after
{Heap after GC invocations=7 (full 0):
 garbage-first heap   total 55296K, used 18516K [0x0000000083200000, 0x0000000100000000)
  region size 1024K, 2 young (2048K), 2 survivors (2048K)
 Metaspace       used 29874K, committed 30400K, reserved 1114112K
  class space    used 3828K, committed 4096K, reserved 1048576K
}
Event: 3.060 GC heap before
{Heap before GC invocations=7 (full 0):
 garbage-first heap   total 55296K, used 40020K [0x0000000083200000, 0x0000000100000000)
  region size 1024K, 23 young (23552K), 2 survivors (2048K)
 Metaspace       used 35171K, committed 35648K, reserved 1114112K
  class space    used 4683K, committed 4928K, reserved 1048576K
}
Event: 3.063 GC heap after
{Heap after GC invocations=8 (full 0):
 garbage-first heap   total 55296K, used 19426K [0x0000000083200000, 0x0000000100000000)
  region size 1024K, 3 young (3072K), 3 survivors (3072K)
 Metaspace       used 35171K, committed 35648K, reserved 1114112K
  class space    used 4683K, committed 4928K, reserved 1048576K
}
Event: 3.095 GC heap before
{Heap before GC invocations=8 (full 0):
 garbage-first heap   total 55296K, used 20450K [0x0000000083200000, 0x0000000100000000)
  region size 1024K, 5 young (5120K), 3 survivors (3072K)
 Metaspace       used 35526K, committed 35968K, reserved 1114112K
  class space    used 4753K, committed 4992K, reserved 1048576K
}
Event: 3.097 GC heap after
{Heap after GC invocations=9 (full 0):
 garbage-first heap   total 55296K, used 19562K [0x0000000083200000, 0x0000000100000000)
  region size 1024K, 2 young (2048K), 2 survivors (2048K)
 Metaspace       used 35526K, committed 35968K, reserved 1114112K
  class space    used 4753K, committed 4992K, reserved 1048576K
}
Event: 3.532 GC heap before
{Heap before GC invocations=10 (full 0):
 garbage-first heap   total 55296K, used 41066K [0x0000000083200000, 0x0000000100000000)
  region size 1024K, 23 young (23552K), 2 survivors (2048K)
 Metaspace       used 44788K, committed 45248K, reserved 1114112K
  class space    used 5924K, committed 6144K, reserved 1048576K
}
Event: 3.535 GC heap after
{Heap after GC invocations=11 (full 0):
 garbage-first heap   total 55296K, used 21760K [0x0000000083200000, 0x0000000100000000)
  region size 1024K, 3 young (3072K), 3 survivors (3072K)
 Metaspace       used 44788K, committed 45248K, reserved 1114112K
  class space    used 5924K, committed 6144K, reserved 1048576K
}
Event: 3.550 GC heap before
{Heap before GC invocations=11 (full 0):
 garbage-first heap   total 55296K, used 22784K [0x0000000083200000, 0x0000000100000000)
  region size 1024K, 4 young (4096K), 3 survivors (3072K)
 Metaspace       used 44974K, committed 45440K, reserved 1114112K
  class space    used 5944K, committed 6144K, reserved 1048576K
}
Event: 3.553 GC heap after
{Heap after GC invocations=12 (full 0):
 garbage-first heap   total 55296K, used 21750K [0x0000000083200000, 0x0000000100000000)
  region size 1024K, 1 young (1024K), 1 survivors (1024K)
 Metaspace       used 44974K, committed 45440K, reserved 1114112K
  class space    used 5944K, committed 6144K, reserved 1048576K
}
Event: 3.922 GC heap before
{Heap before GC invocations=12 (full 0):
 garbage-first heap   total 55296K, used 41206K [0x0000000083200000, 0x0000000100000000)
  region size 1024K, 21 young (21504K), 1 survivors (1024K)
 Metaspace       used 49726K, committed 50240K, reserved 1114112K
  class space    used 6481K, committed 6720K, reserved 1048576K
}

